Arguments: 
  /usr/bin/node /usr/local/bin/yarn

PATH: 
  /usr/local/sbin:/usr/local/bin:/usr/sbin:/usr/bin:/sbin:/bin:/usr/games:/usr/local/games:/snap/bin:/usr/lib/dart/bin:/home/azpc/.pub-cache/bin

Yarn version: 
  1.22.4

Node version: 
  10.19.0

Platform: 
  linux x64

Trace: 
  Error: getaddrinfo ENOTFOUND registry.yarnpkg.com registry.yarnpkg.com:443
      at GetAddrInfoReqWrap.onlookup [as oncomplete] (dns.js:56:26)

npm manifest: 
  {
    "name": "@ryanbekhen/cryptkhen",
    "version": "2.0.7",
    "description": "Simple security signature",
    "main": "lib/index.js",
    "types": "lib/index.d.ts",
    "scripts": {
      "test": "jest --config jestconfig.json",
      "build": "tsc",
      "format": "prettier --write \"src/**/*.ts\"",
      "lint": "tslint -p tsconfig.json",
      "prepare": "yarn build",
      "prepublishOnly": "yarn test && yarn lint",
      "preversion": "yarn lint",
      "version": "yarn format && git add -A src",
      "postversion": "git push && git push --tags"
    },
    "keywords": [],
    "author": "ryanbekhen",
    "license": "Apache-2.0",
    "repository": {
      "type": "git",
      "url": "git+https://github.com/ryanbekhen/cryptkhen.git"
    },
    "bugs": {
      "url": "https://github.com/ryanbekhen/cryptkhen/issues"
    },
    "homepage": "https://github.com/ryanbekhen/cryptkhen#readme",
    "devDependencies": {
      "@types/jest": "^26.0.20",
      "jest": "^26.6.3",
      "prettier": "^2.2.1",
      "ts-jest": "^26.4.4",
      "tslint": "^6.1.3",
      "tslint-config-prettier": "^1.18.0",
      "typescript": "^4.1.3"
    },
    "files": [
      "lib/**/*"
    ]
  }

yarn manifest: 
  No manifest

Lockfile: 
  No lockfile
